SF:lib/data/dtos/archive_dto.dart
DA:9,2
DA:12,1
DA:13,1
DA:14,1
DA:15,1
DA:16,1
DA:17,1
DA:20,2
DA:22,12
DA:25,0
DA:28,2
DA:29,2
DA:30,2
DA:31,2
DA:32,2
LF:15
LH:14
end_of_record
SF:lib/data/dtos/category_dto.dart
DA:7,7
DA:9,7
DA:10,7
DA:11,7
DA:12,14
DA:14,0
DA:17,0
DA:18,0
DA:21,7
DA:22,21
DA:28,1
DA:29,1
DA:35,7
DA:36,7
DA:37,7
DA:39,1
LF:16
LH:13
end_of_record
SF:lib/data/dtos/task_dto.dart
DA:15,7
DA:27,14
DA:30,7
DA:31,7
DA:32,0
DA:36,7
DA:37,14
DA:38,14
DA:40,7
DA:41,7
DA:42,7
DA:43,7
DA:44,7
DA:45,7
DA:46,7
DA:47,7
DA:48,7
DA:49,7
DA:52,1
DA:64,1
DA:66,2
DA:67,2
DA:68,2
DA:69,2
DA:71,2
DA:72,2
DA:73,2
DA:75,2
DA:77,2
DA:82,1
DA:83,1
DA:84,1
DA:85,1
DA:86,1
DA:87,1
DA:88,1
DA:89,1
DA:90,1
DA:91,1
DA:92,1
DA:93,1
LF:41
LH:40
end_of_record
SF:lib/data/dtos/repeated_task_dto.dart
DA:11,2
DA:17,1
DA:18,1
DA:19,1
DA:20,1
DA:21,1
DA:22,1
DA:26,2
DA:27,2
DA:29,4
DA:30,4
DA:31,4
DA:32,4
LF:13
LH:13
end_of_record
SF:lib/data/dtos/finished_task_dto.dart
DA:8,0
DA:10,0
DA:11,0
DA:14,0
DA:15,0
DA:16,0
DA:18,0
LF:7
LH:0
end_of_record
SF:lib/data/entities/repeated_task_entity/repeated_task_entity.dart
DA:22,1
DA:23,1
DA:24,1
DA:25,1
DA:26,1
DA:27,1
LF:6
LH:6
end_of_record
SF:lib/data/entities/task_entity/task_entity.dart
DA:42,8
DA:44,8
DA:55,16
DA:57,12
DA:58,12
DA:59,12
DA:60,12
DA:61,12
DA:62,13
DA:63,12
DA:64,12
DA:65,13
DA:70,3
DA:71,3
DA:72,3
DA:73,3
DA:74,3
DA:75,4
DA:76,3
DA:77,3
DA:78,3
DA:79,4
LF:22
LH:22
end_of_record
SF:lib/data/entities/archived_task_entity/archived_task_entity.dart
DA:13,3
LF:1
LH:1
end_of_record
SF:lib/data/entities/category_task_entity/category_entity.dart
DA:16,8
DA:18,1
DA:22,1
DA:23,3
DA:24,3
DA:25,3
DA:28,7
DA:29,56
DA:31,1
DA:32,3
DA:34,1
DA:35,4
LF:12
LH:12
end_of_record
SF:lib/data/entities/finished_task_entity/finished_task_entity.dart
DA:16,1
LF:1
LH:1
end_of_record
SF:lib/data/entities/overdue_task_entity/overdue_task_entity.dart
DA:13,0
LF:1
LH:0
end_of_record
SF:lib/data/log_service.dart
DA:4,28
DA:6,14
LF:2
LH:2
end_of_record
SF:lib/data/services/archive_entity_service.dart
DA:8,0
DA:18,1
DA:20,1
DA:22,1
DA:27,3
DA:28,3
DA:29,3
DA:32,0
DA:33,0
DA:34,0
DA:40,1
DA:45,3
DA:46,3
DA:49,0
DA:50,0
DA:51,0
DA:53,3
DA:57,1
DA:60,2
DA:61,1
DA:62,1
DA:63,1
DA:64,1
DA:66,2
DA:67,1
DA:71,0
DA:72,0
DA:73,0
DA:77,1
DA:80,3
DA:81,3
DA:84,0
DA:85,0
DA:89,1
DA:92,3
DA:95,0
DA:96,0
DA:101,1
DA:103,3
DA:104,3
DA:107,3
DA:110,0
DA:111,0
DA:115,1
DA:116,2
DA:117,2
DA:118,2
DA:119,2
LF:48
LH:32
end_of_record
SF:lib/data/services/base_entity_service.dart
DA:2,0
LF:1
LH:0
end_of_record
SF:lib/data/services/category_entity_service.dart
DA:9,0
DA:20,6
DA:22,6
DA:24,6
DA:28,18
DA:29,18
DA:30,18
DA:34,0
DA:35,0
DA:39,1
DA:44,3
DA:45,3
DA:47,3
DA:50,0
DA:51,0
DA:55,1
DA:58,2
DA:59,1
DA:60,1
DA:61,1
DA:62,1
DA:64,1
DA:65,2
DA:69,0
DA:70,0
DA:74,6
DA:77,18
DA:78,18
DA:81,0
DA:82,0
DA:86,1
DA:89,3
DA:92,0
DA:93,0
DA:98,3
DA:99,1
DA:100,2
DA:103,1
DA:104,2
DA:106,3
DA:109,3
DA:112,0
DA:113,0
LF:43
LH:30
end_of_record
SF:lib/data/services/db_service.dart
DA:16,0
DA:18,0
DA:20,0
DA:21,0
DA:23,0
DA:25,0
DA:29,0
DA:32,0
LF:8
LH:0
end_of_record
SF:lib/data/services/task_entity_service.dart
DA:8,0
DA:20,5
DA:21,5
DA:23,5
DA:25,5
DA:27,10
DA:30,0
DA:31,0
DA:34,10
DA:39,15
DA:40,15
DA:41,10
DA:44,0
DA:45,0
DA:47,15
DA:52,1
DA:57,3
DA:58,3
DA:61,0
DA:62,0
DA:65,3
DA:69,1
DA:73,6
DA:75,1
DA:76,2
DA:80,0
DA:81,0
DA:85,5
DA:88,15
DA:89,15
DA:92,0
DA:93,0
DA:97,1
DA:102,3
DA:105,0
DA:106,0
DA:112,0
DA:115,2
DA:116,3
DA:117,3
DA:118,3
DA:119,3
DA:120,3
DA:121,3
DA:122,3
DA:123,3
DA:124,3
DA:126,3
DA:128,0
DA:131,3
DA:132,2
DA:135,0
DA:136,0
DA:138,3
LF:54
LH:37
end_of_record
SF:lib/data/services/repeated_task_entity_service.dart
DA:9,0
DA:20,1
DA:22,1
DA:24,1
DA:25,2
DA:30,3
DA:31,3
DA:32,2
DA:35,0
DA:37,0
DA:40,1
DA:41,2
DA:45,1
DA:50,3
DA:51,3
DA:54,0
DA:56,0
DA:59,3
DA:63,1
DA:66,2
DA:67,1
DA:68,1
DA:69,1
DA:70,1
DA:72,2
DA:73,1
DA:77,0
DA:79,0
DA:83,1
DA:86,3
DA:87,3
DA:90,0
DA:92,0
DA:96,1
DA:101,3
DA:104,0
DA:105,0
DA:108,1
DA:110,3
DA:111,3
DA:114,0
DA:116,0
DA:118,3
DA:122,1
DA:124,2
DA:125,1
DA:126,1
DA:127,1
DA:128,1
DA:129,1
DA:130,1
LF:51
LH:38
end_of_record
