SF:lib/data/log_service.dart
DA:4,12
DA:6,6
LF:2
LH:2
end_of_record
SF:lib/data/services/base_entity_service.dart
DA:2,0
LF:1
LH:0
end_of_record
SF:lib/data/entities/task_entity/task_entity.dart
DA:42,4
DA:44,4
DA:55,8
DA:57,6
DA:58,6
DA:59,6
DA:60,6
DA:61,6
DA:62,7
DA:63,6
DA:64,6
DA:65,7
DA:70,1
DA:71,1
DA:72,1
DA:73,1
DA:74,1
DA:75,1
DA:76,1
DA:77,1
DA:78,1
DA:79,1
LF:22
LH:22
end_of_record
SF:lib/data/dtos/category_dto.dart
DA:7,4
DA:9,4
DA:10,4
DA:11,4
DA:12,8
DA:14,0
DA:17,0
DA:18,0
DA:21,4
DA:22,12
DA:28,1
DA:29,1
DA:35,4
DA:36,4
DA:37,4
DA:39,1
LF:16
LH:13
end_of_record
SF:lib/data/dtos/task_dto.dart
DA:15,3
DA:27,6
DA:30,3
DA:31,3
DA:32,0
DA:36,3
DA:37,6
DA:38,6
DA:40,3
DA:41,3
DA:42,3
DA:43,3
DA:44,3
DA:45,3
DA:46,3
DA:47,3
DA:48,3
DA:49,3
DA:52,1
DA:64,1
DA:66,2
DA:67,2
DA:68,2
DA:69,2
DA:71,2
DA:72,2
DA:73,2
DA:75,2
DA:77,2
DA:82,1
DA:83,1
DA:84,1
DA:85,1
DA:86,1
DA:87,1
DA:88,1
DA:89,1
DA:90,1
DA:91,1
DA:92,1
DA:93,1
LF:41
LH:40
end_of_record
SF:lib/data/dtos/repeated_task_dto.dart
DA:9,1
DA:15,1
DA:16,1
DA:17,1
DA:18,1
DA:19,1
DA:20,1
DA:24,1
DA:25,1
DA:27,2
DA:28,2
DA:29,2
DA:30,2
LF:13
LH:13
end_of_record
SF:lib/data/entities/repeated_task_entity/repeated_task_entity.dart
DA:22,1
DA:23,1
DA:24,1
DA:25,1
DA:26,1
DA:27,1
LF:6
LH:6
end_of_record
SF:lib/data/entities/archived_task_entity/archived_task_entity.dart
DA:13,0
LF:1
LH:0
end_of_record
SF:lib/data/entities/category_task_entity/category_entity.dart
DA:16,5
DA:18,1
DA:22,1
DA:23,3
DA:24,3
DA:25,3
DA:28,4
DA:29,32
DA:31,1
DA:32,3
DA:34,1
DA:35,4
LF:12
LH:12
end_of_record
SF:lib/data/entities/finished_task_entity/finished_task_entity.dart
DA:16,0
LF:1
LH:0
end_of_record
SF:lib/data/entities/overdue_task_entity/overdue_task_entity.dart
DA:13,0
LF:1
LH:0
end_of_record
SF:lib/data/services/category_entity_service.dart
DA:9,0
DA:20,3
DA:22,3
DA:24,3
DA:28,9
DA:29,9
DA:30,9
DA:34,0
DA:35,0
DA:39,1
DA:44,3
DA:45,3
DA:47,3
DA:50,0
DA:51,0
DA:55,1
DA:58,2
DA:59,1
DA:60,1
DA:61,1
DA:62,1
DA:64,1
DA:65,2
DA:69,0
DA:70,0
DA:74,3
DA:77,9
DA:78,9
DA:81,0
DA:82,0
DA:86,1
DA:89,3
DA:92,0
DA:93,0
DA:98,3
DA:99,1
DA:100,2
DA:103,1
DA:104,2
DA:106,3
DA:109,3
DA:112,0
DA:113,0
LF:43
LH:30
end_of_record
SF:lib/data/services/db_service.dart
DA:16,0
DA:18,0
DA:20,0
DA:21,0
DA:23,0
DA:25,0
DA:29,0
DA:32,0
LF:8
LH:0
end_of_record
SF:lib/data/services/task_entity_service.dart
DA:8,0
DA:20,2
DA:21,2
DA:23,2
DA:25,2
DA:27,4
DA:30,0
DA:31,0
DA:34,4
DA:39,6
DA:40,6
DA:41,4
DA:44,0
DA:45,0
DA:47,6
DA:52,1
DA:57,3
DA:58,3
DA:61,0
DA:62,0
DA:65,3
DA:69,1
DA:73,6
DA:75,1
DA:76,2
DA:80,0
DA:81,0
DA:85,2
DA:88,6
DA:89,6
DA:92,0
DA:93,0
DA:97,1
DA:102,3
DA:105,0
DA:106,0
DA:112,0
DA:115,2
DA:116,3
DA:117,3
DA:118,3
DA:119,3
DA:120,3
DA:121,3
DA:122,3
DA:123,3
DA:124,3
DA:126,3
DA:128,0
DA:131,3
DA:132,2
DA:135,0
DA:136,0
DA:138,3
LF:54
LH:37
end_of_record
